Jun-15 22:29:16.245 [main] DEBUG nextflow.cli.Launcher - $> nextflow /Users/timbarry/research_code/simulatr-pipeline/main.nf --simulatr_specifier_fp /Users/timbarry/simulatr_dir/sim_spec_obj.rds --B 10 --result_dir /Users/timbarry/simulatr_dir --result_file_name result.rds -resume
Jun-15 22:29:16.367 [main] INFO  nextflow.cli.CmdRun - N E X T F L O W  ~  version 21.04.3
Jun-15 22:29:16.392 [main] INFO  nextflow.cli.CmdRun - Launching `/Users/timbarry/research_code/simulatr-pipeline/main.nf` [wise_stonebraker] - revision: c69d30e94e
Jun-15 22:29:16.404 [main] DEBUG nextflow.config.ConfigBuilder - Found config home: /Users/timbarry/.nextflow/config
Jun-15 22:29:16.404 [main] DEBUG nextflow.config.ConfigBuilder - Found config base: /Users/timbarry/research_code/simulatr-pipeline/nextflow.config
Jun-15 22:29:16.406 [main] DEBUG nextflow.config.ConfigBuilder - Parsing config file: /Users/timbarry/.nextflow/config
Jun-15 22:29:16.406 [main] DEBUG nextflow.config.ConfigBuilder - Parsing config file: /Users/timbarry/research_code/simulatr-pipeline/nextflow.config
Jun-15 22:29:16.429 [main] DEBUG nextflow.config.ConfigBuilder - Applying config profile: `standard`
Jun-15 22:29:17.107 [main] DEBUG nextflow.config.ConfigBuilder - Applying config profile: `standard`
Jun-15 22:29:17.153 [main] DEBUG nextflow.plugin.PluginsFacade - Setting up plugin manager > mode=prod; plugins-dir=/Users/timbarry/.nextflow/plugins
Jun-15 22:29:17.154 [main] DEBUG nextflow.plugin.PluginsFacade - Plugins default=[]
Jun-15 22:29:17.156 [main] DEBUG nextflow.plugin.PluginsFacade - Plugins local root: .nextflow/plr/empty
Jun-15 22:29:17.162 [main] INFO  org.pf4j.DefaultPluginStatusProvider - Enabled plugins: []
Jun-15 22:29:17.163 [main] INFO  org.pf4j.DefaultPluginStatusProvider - Disabled plugins: []
Jun-15 22:29:17.165 [main] INFO  org.pf4j.DefaultPluginManager - PF4J version 3.4.1 in 'deployment' mode
Jun-15 22:29:17.172 [main] INFO  org.pf4j.AbstractPluginManager - No plugins
Jun-15 22:29:17.210 [main] DEBUG nextflow.Session - Session uuid: 818b91d4-fb04-4691-a4d3-5ed0ba279ad1
Jun-15 22:29:17.210 [main] DEBUG nextflow.Session - Run name: wise_stonebraker
Jun-15 22:29:17.210 [main] DEBUG nextflow.Session - Executor pool size: 8
Jun-15 22:29:17.223 [main] DEBUG nextflow.cli.CmdRun - 
  Version: 21.04.3 build 5560
  Created: 21-07-2021 15:09 UTC (11:09 EDT)
  System: Mac OS X 10.16
  Runtime: Groovy 3.0.7 on OpenJDK 64-Bit Server VM 1.8.0_242-b08
  Encoding: UTF-8 (UTF-8)
  Process: 33864@Tims-MacBook-Pro-2021.local [10.0.0.124]
  CPUs: 8 - Mem: 16 GB (241.4 MB) - Swap: 1 GB (987.5 MB)
Jun-15 22:29:17.245 [main] DEBUG nextflow.Session - Work-dir: /Users/timbarry/research_offsite/work [Mac OS X]
Jun-15 22:29:17.263 [main] DEBUG nextflow.executor.ExecutorFactory - Extension executors providers=[]
Jun-15 22:29:17.271 [main] DEBUG nextflow.Session - Observer factory: DefaultObserverFactory
Jun-15 22:29:17.392 [main] DEBUG nextflow.Session - Session start invoked
Jun-15 22:29:17.746 [main] DEBUG nextflow.script.ScriptRunner - > Launching execution
Jun-15 22:29:17.753 [main] DEBUG nextflow.Session - Workflow process names [dsl1]: combine_results, run_method, obtain_basic_info, generate_data
Jun-15 22:29:17.847 [main] DEBUG nextflow.executor.ExecutorFactory - << taskConfig executor: null
Jun-15 22:29:17.848 [main] DEBUG nextflow.executor.ExecutorFactory - >> processorType: 'local'
Jun-15 22:29:17.852 [main] DEBUG nextflow.executor.Executor - [warm up] executor > local
Jun-15 22:29:17.856 [main] DEBUG n.processor.LocalPollingMonitor - Creating local task monitor for executor 'local' > cpus=8; memory=16 GB; capacity=8; pollInterval=100ms; dumpInterval=5m
Jun-15 22:29:17.985 [main] DEBUG nextflow.executor.ExecutorFactory - << taskConfig executor: null
Jun-15 22:29:17.985 [main] DEBUG nextflow.executor.ExecutorFactory - >> processorType: 'local'
Jun-15 22:29:18.003 [main] DEBUG nextflow.executor.ExecutorFactory - << taskConfig executor: null
Jun-15 22:29:18.003 [main] DEBUG nextflow.executor.ExecutorFactory - >> processorType: 'local'
Jun-15 22:29:18.016 [main] DEBUG nextflow.executor.ExecutorFactory - << taskConfig executor: null
Jun-15 22:29:18.016 [main] DEBUG nextflow.executor.ExecutorFactory - >> processorType: 'local'
Jun-15 22:29:18.019 [main] DEBUG nextflow.script.ScriptRunner - > Await termination 
Jun-15 22:29:18.019 [main] DEBUG nextflow.Session - Session await
Jun-15 22:29:18.079 [Actor Thread 3] INFO  nextflow.processor.TaskProcessor - [b9/8e06e4] Cached process > obtain_basic_info
Jun-15 22:29:18.134 [Actor Thread 3] INFO  nextflow.processor.TaskProcessor - [62/abe045] Cached process > generate_data (6)
Jun-15 22:29:18.134 [Actor Thread 6] INFO  nextflow.processor.TaskProcessor - [2a/d1fe92] Cached process > generate_data (3)
Jun-15 22:29:18.134 [Actor Thread 10] INFO  nextflow.processor.TaskProcessor - [10/b5007e] Cached process > generate_data (7)
Jun-15 22:29:18.134 [Actor Thread 11] INFO  nextflow.processor.TaskProcessor - [f8/e551dc] Cached process > generate_data (8)
Jun-15 22:29:18.134 [Actor Thread 5] INFO  nextflow.processor.TaskProcessor - [1b/28cad8] Cached process > generate_data (4)
Jun-15 22:29:18.134 [Actor Thread 8] INFO  nextflow.processor.TaskProcessor - [cc/dc8e7e] Cached process > generate_data (1)
Jun-15 22:29:18.134 [Actor Thread 1] INFO  nextflow.processor.TaskProcessor - [c9/515783] Cached process > generate_data (5)
Jun-15 22:29:18.134 [Actor Thread 7] INFO  nextflow.processor.TaskProcessor - [d4/e7236e] Cached process > generate_data (2)
Jun-15 22:29:18.154 [Actor Thread 10] INFO  nextflow.processor.TaskProcessor - [c5/1642c1] Cached process > run_method (1)
Jun-15 22:29:18.154 [Actor Thread 5] INFO  nextflow.processor.TaskProcessor - [22/3b99f9] Cached process > run_method (4)
Jun-15 22:29:18.154 [Actor Thread 11] INFO  nextflow.processor.TaskProcessor - [92/d81177] Cached process > run_method (2)
Jun-15 22:29:18.154 [Actor Thread 1] INFO  nextflow.processor.TaskProcessor - [00/02d9b1] Cached process > run_method (6)
Jun-15 22:29:18.154 [Actor Thread 3] INFO  nextflow.processor.TaskProcessor - [50/7140aa] Cached process > run_method (8)
Jun-15 22:29:18.155 [Actor Thread 7] INFO  nextflow.processor.TaskProcessor - [dc/a1b1d1] Cached process > run_method (5)
Jun-15 22:29:18.156 [Actor Thread 8] INFO  nextflow.processor.TaskProcessor - [3f/f15580] Cached process > run_method (3)
Jun-15 22:29:18.158 [Actor Thread 12] INFO  nextflow.processor.TaskProcessor - [c3/d6a8c8] Cached process > run_method (7)
Jun-15 22:29:18.161 [Actor Thread 5] INFO  nextflow.processor.TaskProcessor - [cd/a59eba] Cached process > run_method (12)
Jun-15 22:29:18.161 [Actor Thread 11] INFO  nextflow.processor.TaskProcessor - [c1/e2cb85] Cached process > run_method (9)
Jun-15 22:29:18.161 [Actor Thread 3] INFO  nextflow.processor.TaskProcessor - [7b/c526cd] Cached process > run_method (13)
Jun-15 22:29:18.161 [Actor Thread 1] INFO  nextflow.processor.TaskProcessor - [0e/4a4602] Cached process > run_method (11)
Jun-15 22:29:18.161 [Actor Thread 4] INFO  nextflow.processor.TaskProcessor - [81/90dfa1] Cached process > run_method (10)
Jun-15 22:29:18.162 [Actor Thread 10] INFO  nextflow.processor.TaskProcessor - [f4/ed3bac] Cached process > run_method (14)
Jun-15 22:29:18.163 [Actor Thread 7] INFO  nextflow.processor.TaskProcessor - [c7/728e06] Cached process > run_method (15)
Jun-15 22:29:18.164 [Actor Thread 8] INFO  nextflow.processor.TaskProcessor - [56/847ad3] Cached process > run_method (16)
Jun-15 22:29:18.166 [Actor Thread 5] INFO  nextflow.processor.TaskProcessor - [75/20dca6] Cached process > run_method (17)
Jun-15 22:29:18.166 [Actor Thread 3] INFO  nextflow.processor.TaskProcessor - [70/0bc33e] Cached process > run_method (18)
Jun-15 22:29:18.167 [Actor Thread 10] INFO  nextflow.processor.TaskProcessor - [b2/34df2f] Cached process > run_method (20)
Jun-15 22:29:18.167 [Actor Thread 11] INFO  nextflow.processor.TaskProcessor - [03/e11270] Cached process > run_method (22)
Jun-15 22:29:18.167 [Actor Thread 12] INFO  nextflow.processor.TaskProcessor - [03/c47512] Cached process > run_method (21)
Jun-15 22:29:18.167 [Actor Thread 1] INFO  nextflow.processor.TaskProcessor - [ca/e95d2c] Cached process > run_method (19)
Jun-15 22:29:18.170 [Actor Thread 4] INFO  nextflow.processor.TaskProcessor - [fa/449ccb] Cached process > run_method (23)
Jun-15 22:29:18.170 [Actor Thread 8] INFO  nextflow.processor.TaskProcessor - [cb/93ace9] Cached process > run_method (24)
Jun-15 22:29:18.170 [Actor Thread 3] INFO  nextflow.processor.TaskProcessor - [82/370366] Cached process > run_method (25)
Jun-15 22:29:18.171 [Actor Thread 7] INFO  nextflow.processor.TaskProcessor - [45/dfb366] Cached process > run_method (26)
Jun-15 22:29:18.172 [Actor Thread 1] INFO  nextflow.processor.TaskProcessor - [b6/b410e5] Cached process > run_method (27)
Jun-15 22:29:18.172 [Actor Thread 12] INFO  nextflow.processor.TaskProcessor - [a4/3647bd] Cached process > run_method (29)
Jun-15 22:29:18.172 [Actor Thread 5] INFO  nextflow.processor.TaskProcessor - [b1/f2202e] Cached process > run_method (28)
Jun-15 22:29:18.172 [Actor Thread 11] INFO  nextflow.processor.TaskProcessor - [b8/c36554] Cached process > run_method (30)
Jun-15 22:29:18.175 [Actor Thread 4] INFO  nextflow.processor.TaskProcessor - [47/18b769] Cached process > run_method (32)
Jun-15 22:29:18.175 [Actor Thread 10] INFO  nextflow.processor.TaskProcessor - [72/4d95fc] Cached process > run_method (31)
Jun-15 22:29:18.175 [Actor Thread 7] INFO  nextflow.processor.TaskProcessor - [93/d7fbd4] Cached process > run_method (33)
Jun-15 22:29:18.175 [Actor Thread 3] INFO  nextflow.processor.TaskProcessor - [dd/1c08a1] Cached process > run_method (34)
Jun-15 22:29:18.176 [Actor Thread 1] INFO  nextflow.processor.TaskProcessor - [7a/80704d] Cached process > run_method (35)
Jun-15 22:29:18.177 [Actor Thread 12] INFO  nextflow.processor.TaskProcessor - [0e/4c9a92] Cached process > run_method (38)
Jun-15 22:29:18.177 [Actor Thread 11] INFO  nextflow.processor.TaskProcessor - [b8/5e30f0] Cached process > run_method (37)
Jun-15 22:29:18.179 [Actor Thread 5] INFO  nextflow.processor.TaskProcessor - [46/9b7ec4] Cached process > run_method (39)
Jun-15 22:29:18.179 [Actor Thread 4] INFO  nextflow.processor.TaskProcessor - [de/226e35] Cached process > run_method (40)
Jun-15 22:29:18.180 [Actor Thread 10] INFO  nextflow.processor.TaskProcessor - [24/ec9fe7] Cached process > run_method (42)
Jun-15 22:29:18.180 [Actor Thread 7] INFO  nextflow.processor.TaskProcessor - [38/e28dd5] Cached process > run_method (41)
Jun-15 22:29:18.181 [Actor Thread 1] INFO  nextflow.processor.TaskProcessor - [26/8687e9] Cached process > run_method (43)
Jun-15 22:29:18.182 [Actor Thread 3] INFO  nextflow.processor.TaskProcessor - [19/2f2022] Cached process > run_method (44)
Jun-15 22:29:18.182 [Actor Thread 8] INFO  nextflow.processor.TaskProcessor - [8f/2cab53] Cached process > run_method (36)
Jun-15 22:29:18.182 [Actor Thread 11] INFO  nextflow.processor.TaskProcessor - [30/036357] Cached process > run_method (45)
Jun-15 22:29:18.184 [Actor Thread 5] INFO  nextflow.processor.TaskProcessor - [8b/16a35f] Cached process > run_method (46)
Jun-15 22:29:18.184 [Actor Thread 4] INFO  nextflow.processor.TaskProcessor - [79/41276e] Cached process > run_method (47)
Jun-15 22:29:18.184 [Actor Thread 12] INFO  nextflow.processor.TaskProcessor - [08/f084e0] Cached process > run_method (48)
Jun-15 22:29:18.185 [Actor Thread 7] INFO  nextflow.processor.TaskProcessor - [aa/e309e4] Cached process > run_method (49)
Jun-15 22:29:18.186 [Actor Thread 11] INFO  nextflow.processor.TaskProcessor - [f2/5e671a] Cached process > run_method (51)
Jun-15 22:29:18.186 [Actor Thread 8] INFO  nextflow.processor.TaskProcessor - [ac/11103a] Cached process > run_method (50)
Jun-15 22:29:18.187 [Actor Thread 1] INFO  nextflow.processor.TaskProcessor - [c0/6540f6] Cached process > run_method (53)
Jun-15 22:29:18.187 [Actor Thread 3] INFO  nextflow.processor.TaskProcessor - [7c/d89a39] Cached process > run_method (52)
Jun-15 22:29:18.188 [Actor Thread 4] INFO  nextflow.processor.TaskProcessor - [44/d0f769] Cached process > run_method (55)
Jun-15 22:29:18.189 [Actor Thread 10] INFO  nextflow.processor.TaskProcessor - [fe/1dc886] Cached process > run_method (54)
Jun-15 22:29:18.189 [Actor Thread 12] INFO  nextflow.processor.TaskProcessor - [02/a398be] Cached process > run_method (56)
Jun-15 22:29:18.190 [Actor Thread 11] INFO  nextflow.processor.TaskProcessor - [04/8edf93] Cached process > run_method (58)
Jun-15 22:29:18.190 [Actor Thread 8] INFO  nextflow.processor.TaskProcessor - [87/e30c02] Cached process > run_method (57)
Jun-15 22:29:18.191 [Actor Thread 7] INFO  nextflow.processor.TaskProcessor - [33/9e98cb] Cached process > run_method (59)
Jun-15 22:29:18.191 [Actor Thread 5] INFO  nextflow.processor.TaskProcessor - [86/720e8d] Cached process > run_method (60)
Jun-15 22:29:18.192 [Actor Thread 10] INFO  nextflow.processor.TaskProcessor - [3d/d4a20f] Cached process > run_method (62)
Jun-15 22:29:18.192 [Actor Thread 3] INFO  nextflow.processor.TaskProcessor - [b2/c6f46f] Cached process > run_method (63)
Jun-15 22:29:18.193 [Actor Thread 4] INFO  nextflow.processor.TaskProcessor - [9d/6d135b] Cached process > run_method (61)
Jun-15 22:29:18.194 [Actor Thread 1] INFO  nextflow.processor.TaskProcessor - [ae/fe39c1] Cached process > run_method (64)
Jun-15 22:29:18.195 [Actor Thread 12] INFO  nextflow.processor.TaskProcessor - [28/56ba55] Cached process > run_method (65)
Jun-15 22:29:18.195 [Actor Thread 8] INFO  nextflow.processor.TaskProcessor - [ae/a784c9] Cached process > run_method (68)
Jun-15 22:29:18.195 [Actor Thread 7] INFO  nextflow.processor.TaskProcessor - [58/364b0b] Cached process > run_method (66)
Jun-15 22:29:18.196 [Actor Thread 5] INFO  nextflow.processor.TaskProcessor - [47/bd679b] Cached process > run_method (67)
Jun-15 22:29:18.197 [Actor Thread 11] INFO  nextflow.processor.TaskProcessor - [8a/02dd01] Cached process > run_method (69)
Jun-15 22:29:18.198 [Actor Thread 4] INFO  nextflow.processor.TaskProcessor - [c0/478145] Cached process > run_method (71)
Jun-15 22:29:18.198 [Actor Thread 10] INFO  nextflow.processor.TaskProcessor - [2f/db228a] Cached process > run_method (70)
Jun-15 22:29:18.199 [Actor Thread 3] INFO  nextflow.processor.TaskProcessor - [81/f0ea1d] Cached process > run_method (72)
Jun-15 22:29:18.200 [Actor Thread 5] INFO  nextflow.processor.TaskProcessor - [12/365da7] Cached process > run_method (76)
Jun-15 22:29:18.200 [Actor Thread 7] INFO  nextflow.processor.TaskProcessor - [8f/a7ed05] Cached process > run_method (73)
Jun-15 22:29:18.200 [Actor Thread 12] INFO  nextflow.processor.TaskProcessor - [88/2d0879] Cached process > run_method (75)
Jun-15 22:29:18.200 [Actor Thread 1] INFO  nextflow.processor.TaskProcessor - [89/a8a848] Cached process > run_method (74)
Jun-15 22:29:18.202 [Actor Thread 10] INFO  nextflow.processor.TaskProcessor - [84/a5c7ab] Cached process > run_method (79)
Jun-15 22:29:18.203 [Actor Thread 8] INFO  nextflow.processor.TaskProcessor - [7e/a49326] Cached process > run_method (77)
Jun-15 22:29:18.202 [Actor Thread 11] INFO  nextflow.processor.TaskProcessor - [b1/3b3ad6] Cached process > run_method (78)
Jun-15 22:29:18.203 [Actor Thread 3] INFO  nextflow.processor.TaskProcessor - [88/12a919] Cached process > run_method (80)
Jun-15 22:29:18.204 [Actor Thread 1] INFO  nextflow.processor.TaskProcessor - [d9/2e4952] Cached process > run_method (81)
Jun-15 22:29:18.205 [Actor Thread 7] INFO  nextflow.processor.TaskProcessor - [9d/199efb] Cached process > run_method (84)
Jun-15 22:29:18.205 [Actor Thread 4] INFO  nextflow.processor.TaskProcessor - [69/14d986] Cached process > run_method (82)
Jun-15 22:29:18.204 [Actor Thread 12] INFO  nextflow.processor.TaskProcessor - [83/99b0c6] Cached process > run_method (83)
Jun-15 22:29:18.206 [Actor Thread 11] INFO  nextflow.processor.TaskProcessor - [bc/14dd5f] Cached process > run_method (87)
Jun-15 22:29:18.206 [Actor Thread 3] INFO  nextflow.processor.TaskProcessor - [5a/35bfc0] Cached process > run_method (86)
Jun-15 22:29:18.207 [Actor Thread 5] INFO  nextflow.processor.TaskProcessor - [00/03bf53] Cached process > run_method (85)
Jun-15 22:29:18.207 [Actor Thread 8] INFO  nextflow.processor.TaskProcessor - [5f/2f7b5b] Cached process > run_method (88)
Jun-15 22:29:18.381 [Task submitter] DEBUG nextflow.executor.LocalTaskHandler - Launch cmd line: /bin/bash -ue .command.run
Jun-15 22:29:18.385 [Task submitter] INFO  nextflow.Session - [f6/aebdf4] Submitted process > combine_results
Jun-15 22:29:19.648 [Task monitor] DEBUG n.processor.TaskPollingMonitor - Task completed > TaskHandler[id: 98; name: combine_results; status: COMPLETED; exit: 0; error: -; workDir: /Users/timbarry/research_offsite/work/f6/aebdf4836901edb9ccc83c535aa8d1]
Jun-15 22:29:19.656 [Task monitor] DEBUG n.util.BlockingThreadExecutorFactory - Thread pool name=FileTransfer; maxThreads=24; maxQueueSize=72; keepAlive=1m
Jun-15 22:29:19.661 [main] DEBUG nextflow.Session - Session await > all process finished
Jun-15 22:29:19.663 [main] DEBUG nextflow.Session - Session await > all barriers passed
Jun-15 22:29:19.670 [main] DEBUG nextflow.trace.WorkflowStatsObserver - Workflow completed > WorkflowStats[succeededCount=1; failedCount=0; ignoredCount=0; cachedCount=97; pendingCount=0; submittedCount=0; runningCount=0; retriesCount=0; abortedCount=0; succeedDuration=1.2s; failedDuration=0ms; cachedDuration=3m 32s;loadCpus=0; loadMemory=0; peakRunning=1; peakCpus=1; peakMemory=0; ]
Jun-15 22:29:19.814 [main] DEBUG nextflow.CacheDB - Closing CacheDB done
Jun-15 22:29:19.829 [main] DEBUG nextflow.script.ScriptRunner - > Execution complete -- Goodbye
